<?xml version="1.0" encoding="UTF-8"?>
<!-- Generated by org.testng.reporters.JUnitXMLReporter -->
<testsuite ignored="0" hostname="BhushanDhamange" failures="0" tests="6" name="Default test" time="12.242" errors="0" timestamp="2024-10-09T02:22:11 IST">
  <testcase classname="api.test.DDTests" name="testPostUser" time="3.978"/>
  <testcase classname="api.test.DDTests" name="testPostUser" time="1.34"/>
  <testcase classname="api.test.DDTests" name="testPostUser" time="1.488"/>
  <testcase classname="api.test.DDTests" name="testDeletUserByName" time="1.302"/>
  <testcase classname="api.test.DDTests" name="testDeletUserByName" time="1.483"/>
  <testcase classname="api.test.DDTests" name="testDeletUserByName" time="1.473"/>
</testsuite> <!-- Default test -->
