<?xml version="1.0" encoding="UTF-8"?>
<!-- Generated by org.testng.reporters.JUnitXMLReporter -->
<testsuite ignored="0" hostname="BhushanDhamange" failures="0" tests="4" name="Test" time="8.684" errors="0" timestamp="2024-10-10T00:11:39 IST">
  <testcase classname="api.test.UserTests" name="testPostUser" time="3.714"/>
  <testcase classname="api.test.UserTests" name="testGetUserByName" time="1.527"/>
  <testcase classname="api.test.UserTests" name="testUpdateUserByName" time="1.427"/>
  <testcase classname="api.test.UserTests" name="testDeleteUserByName" time="1.531"/>
</testsuite> <!-- Test -->
